<?xml version="1.0" encoding="UTF-8"?>
<!-- Generated by org.testng.reporters.JUnitXMLReporter -->
<testsuite hostname="LAPTOP-P69IVOIF" ignored="2" name="TestAll" tests="5" failures="2" timestamp="2021-07-12T18:34:45 EDT" time="86.689" errors="0">
  <testcase name="loginTest" time="18.313" classname="com.nopcommerce.testCases.TC_LoginTestDDT_002"/>
  <testcase name="loginTest" time="16.542" classname="com.nopcommerce.testCases.TC_LoginTestDDT_002"/>
  <testcase name="loginTest" time="16.937" classname="com.nopcommerce.testCases.TC_LoginTestDDT_002">
    <failure type="java.lang.AssertionError" message="Login failed, please check username and password">
      <![CDATA[java.lang.AssertionError: Login failed, please check username and password
at org.junit.Assert.fail(Assert.java:88)
at org.junit.Assert.assertTrue(Assert.java:41)
at com.nopcommerce.testCases.TC_LoginTestDDT_002.loginTest(TC_LoginTestDDT_002.java:45)
at java.util.ArrayList.forEach(ArrayList.java:1259)
... Removed 31 stack frames]]>
    </failure>
  </testcase> <!-- loginTest -->
  <testcase name="loginTest" time="16.692" classname="com.nopcommerce.testCases.TC_LoginTestDDT_002">
    <failure type="java.lang.AssertionError" message="Login failed, please check username and password">
      <![CDATA[java.lang.AssertionError: Login failed, please check username and password
at org.junit.Assert.fail(Assert.java:88)
at org.junit.Assert.assertTrue(Assert.java:41)
at com.nopcommerce.testCases.TC_LoginTestDDT_002.loginTest(TC_LoginTestDDT_002.java:45)
at java.util.ArrayList.forEach(ArrayList.java:1259)
... Removed 31 stack frames]]>
    </failure>
  </testcase> <!-- loginTest -->
  <testcase name="LoginTest" time="8.587" classname="com.nopcommerce.testCases.TC_LoginTest_001"/>
  <testcase name="@AfterTest close" time="0.0" classname="com.nopcommerce.testCases.BaseClass">
    <ignored/>
  </testcase> <!-- @AfterTest close -->
  <testcase name="@BeforeTest setup" time="0.0" classname="com.nopcommerce.testCases.BaseClass">
    <ignored/>
  </testcase> <!-- @BeforeTest setup -->
</testsuite> <!-- TestAll -->
