<?xml version="1.0" encoding="UTF-8"?>
<!-- Generated by org.testng.reporters.JUnitXMLReporter -->
<testsuite ignored="0" hostname="LAPTOP-P69IVOIF" failures="1" tests="1" name="LoginTest-Chrome Browser" time="20.212" errors="0" timestamp="2021-07-10T15:04:34 EDT">
  <testcase classname="com.nopcommerce.testCases.TC_LoginTest_001" name="LoginPage" time="13.926">
    <failure type="java.lang.AssertionError" message="Login failed, please check username and password">
      <![CDATA[java.lang.AssertionError: Login failed, please check username and password
at org.junit.Assert.fail(Assert.java:88)
at com.nopcommerce.testCases.TC_LoginTest_001.LoginPage(TC_LoginTest_001.java:47)
at java.base/java.util.ArrayList.forEach(ArrayList.java:1511)
... Removed 27 stack frames]]>
    </failure>
  </testcase> <!-- LoginPage -->
</testsuite> <!-- LoginTest-Chrome Browser -->
